<?xml version="1.0" encoding="UTF-8"?>
<testng-results ignored="0" total="1" passed="1" failed="0" skipped="0">
  <reporter-output>
  </reporter-output>
  <suite started-at="2022-03-27T23:03:56 EDT" name="Default suite" finished-at="2022-03-27T23:04:16 EDT" duration-ms="19587">
    <groups>
      <group name="cucumber">
        <method signature="AbstractTestNGCucumberTests.feature(cucumber.api.testng.CucumberFeatureWrapper)[pri:0, instance:TestRunner.testrunner@65f095f8]" name="feature" class="cucumber.api.testng.AbstractTestNGCucumberTests"/>
      </group> <!-- cucumber -->
    </groups>
    <test started-at="2022-03-27T23:03:56 EDT" name="Default test" finished-at="2022-03-27T23:04:16 EDT" duration-ms="19587">
      <class name="TestRunner.testrunner">
        <test-method is-config="true" signature="LaunchAppURL()[pri:0, instance:TestRunner.testrunner@65f095f8]" started-at="2022-03-27T23:03:56 EDT" name="LaunchAppURL" finished-at="2022-03-27T23:04:00 EDT" duration-ms="3573" status="PASS">
          <reporter-output>
          </reporter-output>
        </test-method> <!-- LaunchAppURL -->
        <test-method is-config="true" signature="setUpClass()[pri:0, instance:TestRunner.testrunner@65f095f8]" started-at="2022-03-27T23:04:00 EDT" name="setUpClass" finished-at="2022-03-27T23:04:00 EDT" duration-ms="498" status="PASS">
          <reporter-output>
          </reporter-output>
        </test-method> <!-- setUpClass -->
        <test-method signature="feature(cucumber.api.testng.CucumberFeatureWrapper)[pri:0, instance:TestRunner.testrunner@65f095f8]" started-at="2022-03-27T23:04:01 EDT" name="feature" description="Runs Cucumber Feature" data-provider="features" finished-at="2022-03-27T23:04:05 EDT" duration-ms="4498" status="PASS">
          <params>
            <param index="0">
              <value>
                <![CDATA[Home feature]]>
              </value>
            </param>
          </params>
          <reporter-output>
          </reporter-output>
        </test-method> <!-- feature -->
        <test-method is-config="true" signature="tearDownClass()[pri:0, instance:TestRunner.testrunner@65f095f8]" started-at="2022-03-27T23:04:05 EDT" name="tearDownClass" finished-at="2022-03-27T23:04:05 EDT" duration-ms="18" status="PASS">
          <reporter-output>
          </reporter-output>
        </test-method> <!-- tearDownClass -->
        <test-method is-config="true" signature="CloseAppURL()[pri:0, instance:TestRunner.testrunner@65f095f8]" started-at="2022-03-27T23:04:05 EDT" name="CloseAppURL" finished-at="2022-03-27T23:04:16 EDT" duration-ms="10824" status="PASS">
          <reporter-output>
          </reporter-output>
        </test-method> <!-- CloseAppURL -->
      </class> <!-- TestRunner.testrunner -->
    </test> <!-- Default test -->
  </suite> <!-- Default suite -->
</testng-results>
